drews 1.0
19 929
0 0 0
0 0 0
0 0 0
0 0 0
0 0 0
0 0 0
0 0 0
0 0 0
0 0 0
0 0 0
0 0 0
0 0 0
0 0 0
0 0 0
0 0 0
0 0 0
0 0 0
0 0 0
0 0 0
0 0 0
0.751455 -0.0558564 0
0.987755 -0.0226762 -0.154355
-0.00562619 0.983559 -0.180498
0.15591 0.179156 0.971388
1.51425 -0.015876 0.979686
0.77359 -0.0260916 0
0.99837 -0.0319506 -0.0473018
0.0267232 0.993868 -0.107291
0.0504397 0.105852 0.993102
1.10021 0.13232 0.321687
0.778186 -0.043064 0
0.997955 -0.0318919 -0.0553915
0.027131 0.99604 -0.0846709
0.0578725 0.0829949 0.994868
0.517781 0.152926 -0.28679
0.785121 -0.0405262 0
0.999636 -0.0196855 0.018437
0.0203371 0.99915 -0.0358452
-0.0177157 0.0362071 0.999187
-0.0492682 0.122832 -0.863963
0.786483 -0.0398245 0
0.996837 -0.0226055 0.0761919
0.028734 0.996355 -0.080324
-0.0740984 0.0822592 0.993853
-0.726262 0.160224 -1.4002
0.785624 -0.0383275 0
0.995554 -0.00384104 0.0941144
0.014141 0.993939 -0.109021
-0.0931252 0.109867 0.989574
-1.38897 0.195036 -1.80285
0.792664 -0.0693643 0
0.998468 -0.0408102 -0.0373579
0.0405475 0.999147 -0.00776538
0.0376429 0.00623872 0.999272
-1.71898 -0.0863083 -2.39213
0.794331 -0.0412954 0
0.997833 -0.00735042 0.06539
0.00830765 0.999862 -0.014379
-0.0652753 0.0148911 0.997756
-2.63769 -0.0688185 -2.10692
0.811132 -0.191418 0
0.9802 -0.0349187 0.194906
0.045836 0.997606 -0.0517862
-0.192631 0.0596946 0.979454
-3.85791 -0.171574 -1.22221
0.431191 0.230321 0
0.976006 0.170309 0.135675
-0.182349 0.979824 0.0818148
-0.119004 -0.104592 0.98737
-4.61374 -0.662496 -3.24686
0 0 0
0 0 0
0 0 0
0 0 0
0 0 0
0 0 0
0 0 0
0 0 0
0 0 0
0 0 0
0 0 0
0 0 0
0 0 0
0 0 0
0 0 0
0 0 0
0 0 0
0 0 0
0 0 0
0 0 0
0 0 0
0 0 0
0 0 0
0 0 0
0 0 0
-1.05057 -4.96264 17.1807
129 133 136
6 2 2923 0 1 3476 0 0 2800 0 5 2898 0 6 2487 0 7 3150 0
-1.05057 -4.96264 17.1807
129 133 136
6 2 2924 0 1 3475 0 0 2799 0 5 2897 0 6 2488 0 7 3151 0
-1.24327 0.271481 2.83395
58 38 36
6 2 10094 0 1 10547 0 0 10526 0 4 6207 0 5 6413 0 6 4579 0
-1.27709 -0.106736 2.84425
102 83 83
6 2 2895 0 0 3388 0 1 3867 0 4 1124 0 5 259 0 6 229 0
-1.23732 -0.271449 2.87786
192 203 214
5 1 10261 0 0 10255 0 4 6473 0 5 6690 0 6 5239 0
0.0258783 0.824792 3.59106
24 24 26
4 4 99 0 3 196 0 5 59 0 6 44 0
-0.551882 0.257306 3.55693
118 100 104
3 3 1166 0 7 153 0 8 46 0
-0.0341583 0.947628 3.61585
50 42 36
4 4 3359 0 3 2167 0 5 2480 0 6 2772 0
-0.176217 0.832049 3.88759
175 179 160
4 4 5647 0 3 3835 0 5 5128 0 6 4529 0
-0.496237 -0.656524 3.35044
172 173 174
5 3 5567 0 1 10083 0 6 5581 0 5 7797 0 8 5250 0
-1.33503 -0.723452 2.77075
43 42 50
4 4 738 0 2 3618 0 5 1151 0 6 483 0
-1.16915 -5.42347 17.1775
254 255 255
4 5 6012 0 3 4289 0 6 5946 0 8 5954 0
1.93016 0.620531 6.20069
110 44 45
3 5 1 0 6 6 0 7 0 0
1.10939 0.527977 5.71191
95 32 32
4 5 40 0 6 23 0 7 18 0 8 19 0
1.06129 -0.423636 5.7475
105 46 52
7 5 49 0 4 50 0 6 31 0 7 29 0 8 23 0 9 24 0 10 30 0
-0.558507 -0.257066 3.60668
157 117 119
3 5 206 0 4 364 0 6 118 0
0.678639 -0.583197 6.1213
90 55 61
5 5 217 0 4 251 0 6 197 0 7 175 0 9 128 0
0.746884 0.925962 3.69309
122 122 98
3 5 260 0 4 759 0 6 223 0
-0.538006 -0.452624 3.68727
145 103 101
3 6 228 0 7 208 0 8 111 0
2.04479 0.726522 4.63021
144 144 122
4 5 342 0 4 864 0 7 231 0 9 35 0
1.03804 -0.268633 5.66344
216 225 230
3 5 354 0 4 785 0 6 279 0
1.03804 -0.268633 5.66344
216 225 230
3 5 355 0 4 786 0 6 280 0
2.9823 -1.14276 7.86344
239 251 255
3 5 429 0 6 275 0 8 298 0
-0.607918 0.530905 3.484
116 89 90
3 5 436 0 4 1321 0 7 112 0
1.11921 0.460348 5.54895
234 233 95
3 5 490 0 4 1034 0 6 361 0
2.94464 -1.93102 7.55699
101 76 68
3 5 628 0 4 838 0 6 477 0
2.66295 0.532304 5.97153
96 84 72
4 5 670 0 4 1619 0 6 804 0 8 1330 0
1.6742 0.442446 6.1187
236 244 248
3 5 674 0 4 2558 0 6 469 0
1.12115 0.809884 4.03471
52 42 36
3 5 676 0 4 1790 0 6 268 0
1.91438 0.7219 4.56948
106 104 81
4 5 710 0 4 1793 0 6 343 0 9 137 0
-0.484071 -0.177774 3.691
165 124 126
3 5 739 0 4 2137 0 7 193 0
0.988864 -0.825376 5.34777
24 29 45
3 5 751 0 4 995 0 6 410 0
-0.050945 0.893807 3.67392
91 88 74
3 5 758 0 4 1431 0 6 452 0
1.0725 0.745227 4.19786
179 179 169
3 5 759 0 4 1795 0 6 584 0
1.23362 1.09022 3.98749
102 95 80
3 5 774 0 4 2328 0 7 129 0
0.527911 0.77012 4.08631
195 201 193
3 5 790 0 4 1471 0 6 357 0
-1.0508 -0.449009 2.76327
105 85 92
3 5 902 0 4 2610 0 7 386 0
1.15737 -0.77948 5.57728
212 212 214
3 5 905 0 4 2479 0 6 307 0
2.686 0.495692 6.00133
246 250 252
4 5 913 0 4 1335 0 6 559 0 8 280 0
1.13545 0.34445 5.6894
136 58 59
3 5 937 0 4 873 0 6 364 0
1.15582 0.752169 4.25565
186 185 170
3 5 955 0 4 921 0 6 937 0
17.3691 -8.61652 31.976
112 116 116
4 5 1005 0 4 1221 0 6 608 0 7 604 0
-0.612483 0.0168022 3.53288
166 119 118
3 5 1087 0 4 1410 0 6 278 0
-0.715227 0.0134537 3.40043
158 123 121
3 5 1134 0 4 2885 0 6 296 0
-1.41897 -0.2428 2.68458
126 103 106
3 5 1158 0 4 2228 0 6 253 0
2.01372 -1.62806 6.35166
159 162 158
3 5 1177 0 4 1428 0 6 474 0
2.46397 0.723537 5.777
168 169 157
3 5 1269 0 4 2175 0 6 709 0
2.46397 0.723537 5.777
174 176 167
3 5 1270 0 4 2174 0 6 710 0
1.15326 0.648447 5.53707
210 222 223
3 5 1343 0 4 2594 0 6 647 0
-1.24029 0.519106 2.8048
49 22 15
3 5 1344 0 4 3236 0 6 400 0
-1.22263 -0.292336 2.54642
157 107 102
3 5 1354 0 4 2621 0 6 836 0
-0.0955067 0.763539 3.83069
238 234 220
3 5 1397 0 4 4379 0 6 602 0
2.26654 -0.992917 6.90333
244 253 255
3 5 1466 0 4 3766 0 6 1038 0
2.26654 -0.992917 6.90333
244 253 255
3 5 1467 0 4 3767 0 6 1039 0
2.73305 -1.82572 7.57349
180 188 191
3 5 1497 0 6 910 0 7 587 0
3.77796 -0.186273 8.5651
112 82 73
3 5 1514 0 4 2488 0 6 1359 0
-0.540874 -0.224608 3.62626
152 122 125
3 5 1523 0 4 3561 0 6 614 0
-0.479715 -0.202895 3.67998
85 68 78
3 5 1534 0 4 3091 0 6 545 0
1.17884 0.811917 4.05608
50 40 34
3 5 1556 0 4 2505 0 6 650 0
1.09201 0.914796 4.00265
156 112 80
3 5 1577 0 6 1500 0 7 403 0
1.39049 1.11091 3.98281
60 59 60
3 5 1588 0 4 4065 0 6 1001 0
1.04368 0.75332 4.2165
166 169 160
3 5 1605 0 6 825 0 7 302 0
0.970276 0.134741 5.79604
225 231 234
7 5 1669 0 4 1571 0 6 1409 0 7 1486 0 8 1389 0 9 979 0 10 1066 0
1.16822 -1.00712 5.54671
90 100 120
4 5 1690 0 4 1901 0 6 1285 0 7 1768 0
0.64487 -0.254875 6.16578
51 50 55
3 5 1715 0 4 1650 0 8 1100 0
-0.533868 -0.0846873 3.63991
157 123 120
3 5 1737 0 6 622 0 7 503 0
-1.21415 0.131994 2.87112
49 31 32
3 5 1764 0 4 3987 0 6 539 0
1.22903 1.07183 4.02412
155 155 151
3 5 1820 0 4 3770 0 6 776 0
-1.14813 0.133542 2.90782
63 43 42
3 5 1859 0 6 839 0 7 772 0
-0.511754 0.756763 3.55201
101 78 81
3 5 1890 0 6 1379 0 7 623 0
2.86773 0.718892 6.46807
161 162 141
3 5 1895 0 4 3872 0 6 1337 0
1.69519 1.12592 3.97606
133 139 146
4 5 1912 0 4 2893 0 6 982 0 7 338 0
1.52559 0.725158 4.42612
99 93 70
3 5 1967 0 6 2003 0 7 367 0
1.09883 -0.801869 5.22754
248 253 255
4 5 1977 0 4 4159 0 6 1358 0 7 429 0
-0.986741 -0.357207 3.12289
159 110 106
3 5 2069 0 6 637 0 7 528 0
-1.26646 0.0973068 2.82916
107 73 65
3 5 2276 0 4 4679 0 6 295 0
1.17446 0.739015 4.22803
177 177 158
3 5 2286 0 4 4460 0 6 1553 0
-1.08685 0.139599 3.02087
63 45 47
3 5 2338 0 4 3574 0 6 899 0
1.16445 1.08608 4.04996
56 45 38
3 5 2366 0 4 4674 0 6 646 0
1.11203 0.778062 5.49755
171 183 182
4 5 2412 0 6 1759 0 7 1064 0 8 506 0
1.04981 0.902149 4.08001
151 96 77
3 5 2626 0 6 1531 0 7 440 0
1.07637 -1.063 5.75772
32 36 54
3 5 2642 0 4 3973 0 6 2356 0
0.557638 -0.360451 6.27127
222 226 228
4 5 2667 0 4 3105 0 6 1390 0 7 761 0
1.6866 0.800219 6.1347
99 36 36
4 5 2731 0 4 4605 0 6 1256 0 7 586 0
1.64763 -0.420162 6.10587
180 183 182
3 5 2869 0 4 4449 0 6 1897 0
2.61774 0.486769 6.10623
111 103 95
6 5 3337 0 4 3552 0 8 575 0 7 1536 0 9 671 0 10 2171 0
2.61753 0.486494 6.10549
111 104 95
7 5 3338 0 4 3553 0 6 1563 0 7 1537 0 8 574 0 9 670 0 10 2170 0
15.8723 -9.25083 30.6068
254 254 254
4 5 3456 0 4 2500 0 6 3839 0 7 3822 0
1.66658 1.09849 3.97226
74 78 82
3 5 3890 0 4 4702 0 8 714 0
1.09594 -0.937487 5.41961
49 57 76
4 5 3954 0 4 4726 0 6 2456 0 7 1763 0
0.75888 1.01431 4.04828
82 84 70
3 5 4432 0 4 4804 0 6 4203 0
0.951235 -0.661112 5.68249
66 39 45
3 5 4463 0 4 4773 0 6 4211 0
1.43314 -0.620201 5.90847
116 55 63
4 5 4517 0 4 5001 0 6 4307 0 7 4342 0
1.83914 0.643048 5.20258
165 165 158
3 5 4560 0 4 4930 0 6 4271 0
0.995009 -0.155743 5.82819
244 249 249
5 5 4845 0 4 5291 0 6 4644 0 7 4762 0 8 4497 0
1.23715 -0.22369 5.71711
237 244 246
3 5 4853 0 4 5854 0 6 4652 0
0.678327 -0.304466 6.01647
232 238 241
3 5 4869 0 4 5303 0 6 4657 0
1.42694 -0.506783 5.93151
166 102 109
3 5 4883 0 4 5897 0 8 4046 0
1.34726 1.0814 3.97506
118 120 121
3 5 5087 0 4 5179 0 6 4492 0
1.47723 1.05511 4.01059
216 222 224
4 5 5090 0 4 5612 0 7 4525 0 6 4878 0
0.0177263 0.859395 3.47928
194 194 180
3 5 5109 0 4 5621 0 6 4897 0
1.13894 0.807729 4.13126
125 89 83
3 6 4531 0 7 4553 0 8 4103 0
-1.30546 0.854514 2.65581
189 184 164
3 5 5482 0 4 7252 0 6 4932 0
-0.305323 0.79396 3.69425
171 173 156
3 5 5577 0 4 5643 0 6 4527 0
0.586213 -0.305259 6.19423
224 231 234
4 5 5768 0 4 5871 0 7 4774 0 8 4512 0
0.494386 -0.311426 6.25821
208 217 221
5 5 5769 0 6 4656 0 8 4513 0 9 4507 0 10 4207 0
-0.870221 -0.255012 3.31291
123 129 141
3 5 5776 0 4 5878 0 6 4383 0
0.569137 -0.463404 6.19793
222 227 230
4 5 5788 0 4 5893 0 6 5209 0 8 4530 0
0.938113 -0.572476 5.81846
86 48 52
6 5 5820 0 4 5907 0 6 5240 0 7 4811 0 8 4551 0 9 4551 0
1.44375 1.08741 3.99134
164 173 183
3 4 7750 0 7 5124 0 8 4309 0
1.14886 0.839926 4.02826
169 118 104
4 4 7650 0 6 6189 0 7 5194 0 8 4370 0
2.1374 0.849834 4.6748
32 33 27
4 4 7604 0 6 6224 0 7 5226 0 8 4827 0
1.39345 0.76068 5.77305
147 73 73
4 5 6375 0 4 6168 0 6 5080 0 7 4694 0
1.07685 0.634326 5.70203
103 43 45
4 5 6401 0 4 6192 0 6 6333 0 7 6449 0
1.12237 0.604794 5.62231
155 164 167
3 5 6407 0 4 7510 0 6 6336 0
1.67212 0.411606 6.09995
235 243 250
5 5 6456 0 4 6258 0 6 6391 0 7 5289 0 8 4957 0
1.03228 -0.225538 5.74693
138 61 66
4 5 6607 0 4 6412 0 8 5021 0 9 4902 0
2.91155 -1.04789 7.71899
238 249 254
3 5 6766 0 4 6570 0 6 6698 0
1.21938 -1.05664 5.56284
91 97 115
3 5 6839 0 4 6646 0 7 6091 0
-1.23086 0.837068 2.79546
40 31 31
3 5 7116 0 4 11019 0 6 4938 0
1.53459 -2.38935 8.12745
254 255 255
3 5 7404 0 4 8334 0 6 7465 0
1.04091 -0.940979 5.52766
60 65 86
3 5 7818 0 4 8701 0 6 7935 0
0.905306 -0.504968 5.82221
230 233 236
3 5 7968 0 4 12417 0 6 10249 0
1.04138 -0.262226 5.67162
215 224 230
4 5 8057 0 4 12226 0 6 8184 0 7 8191 0
0.705781 0.682665 6.04642
213 222 224
6 5 8294 0 4 7518 0 6 6808 0 8 9868 0 9 8934 0 10 8882 0
0.53491 0.723984 4.14673
235 235 222
3 6 6241 0 7 5232 0 8 4403 0
1.05465 0.823132 4.1986
96 86 81
3 5 8429 0 4 11297 0 6 6207 0
1.09168 0.749975 4.32966
119 113 99
3 5 9175 0 4 11364 0 7 7043 0
1.62903 0.718882 4.42746
110 108 88
4 5 9196 0 4 11402 0 6 6924 0 7 6360 0
-0.755208 0.415416 3.38465
208 218 227
3 5 9269 0 4 11477 0 6 6307 0
1.07944 0.606966 5.64799
98 33 41
3 5 9311 0 4 11520 0 6 9410 0
2.76353 0.564343 6.26572
139 140 126
3 5 9342 0 4 11586 0 6 9443 0
1.13592 0.503041 5.65739
98 53 50
3 5 9358 0 4 11593 0 6 9450 0
1.01595 0.0872873 5.78648
238 242 238
3 5 9578 0 4 11886 0 6 9725 0
0.646165 -0.258567 6.16889
46 47 51
5 5 9924 0 4 12219 0 9 9418 0 6 10082 0 7 9921 0
-0.518923 -0.207496 3.63678
81 60 64
3 5 9949 0 4 12232 0 6 8166 0
1.10864 -0.776128 5.60067
139 122 112
3 5 10231 0 4 12532 0 6 10397 0
1.0791 -0.850966 5.26295
214 224 236
4 5 10309 0 4 12605 0 6 10494 0 7 10359 0
1.00213 -0.867943 5.37571
164 171 189
3 5 10313 0 4 12609 0 6 10499 0
16.6089 -8.62964 31.0543
109 112 111
4 5 11104 0 4 9223 0 6 11319 0 7 11054 0
1.34845 0.793068 5.06777
240 241 229
3 6 0 0 4 7 0 5 5 0
1.34845 0.793068 5.06777
240 241 229
3 6 1 0 4 6 0 5 4 0
-0.578 -0.313849 3.58201
162 117 117
3 6 189 0 4 320 0 7 106 0
-0.505158 0.479817 3.61504
167 124 121
3 6 206 0 4 601 0 7 110 0
-0.528925 0.111071 3.60726
181 126 121
3 6 221 0 4 578 0 7 141 0
1.14562 0.771934 4.12655
129 68 63
3 6 236 0 4 1375 0 7 78 0
1.9676 0.717634 4.57698
125 122 98
3 6 518 0 4 2599 0 9 110 0
1.96896 0.364446 4.92408
228 233 236
3 6 661 0 4 1652 0 10 186 0
1.2065 0.761594 4.20202
186 185 165
3 6 736 0 4 4183 0 7 805 0
2.01672 1.1063 4.01166
148 158 169
3 6 793 0 4 3541 0 9 169 0
0.547342 0.255169 6.23614
222 229 233
4 6 815 0 4 1835 0 7 757 0 8 1081 0
1.05842 0.758573 4.2523
158 160 150
3 6 824 0 4 3090 0 10 81 0
2.4408 0.214178 6.26453
241 249 255
3 6 956 0 4 2492 0 7 243 0
1.01218 0.76352 4.2496
179 184 177
3 6 1061 0 4 3371 0 7 552 0
1.14197 0.410491 5.56483
237 238 210
3 6 1915 0 4 3736 0 7 1092 0
2.41162 0.110464 6.84518
125 124 103
3 6 2157 0 4 4430 0 5 3449 0
0.575753 0.225515 6.21463
216 225 228
5 6 2261 0 4 4008 0 5 2611 0 7 1696 0 8 1291 0
1.71208 0.340097 6.09775
243 250 253
3 6 4277 0 4 4945 0 5 4660 0
1.16553 -0.313885 5.72081
240 246 250
5 6 4297 0 4 4984 0 5 4506 0 9 4002 0 7 4366 0
0.696376 0.876642 3.86222
138 135 113
3 6 4504 0 4 5193 0 7 4416 0
2.18295 0.798034 4.67332
166 170 149
3 6 4553 0 4 5675 0 9 4306 0
0.606717 0.701429 4.06419
246 244 232
3 6 5038 0 7 4676 0 8 4402 0
1.26607 0.734762 5.66491
202 212 215
3 6 5083 0 4 6169 0 7 4695 0
2.30508 -1.01649 6.96332
234 245 251
5 6 6011 0 7 6775 0 8 5578 0 10 4803 0 11 4461 0
1.39775 1.06036 3.98142
100 98 99
3 6 6116 0 4 11106 0 8 4706 0
2.14683 1.05149 4.64872
42 45 34
3 6 6173 0 4 7669 0 8 4774 0
2.05842 0.771668 4.57416
194 198 180
3 6 6245 0 4 7589 0 5 6320 0
2.17297 0.730412 4.66263
138 138 118
4 6 6269 0 4 11419 0 8 4881 0 9 4376 0
2.79119 0.699572 6.25096
119 122 104
3 6 6325 0 4 6194 0 5 6395 0
2.19025 -0.358751 6.77184
227 238 241
3 6 6554 0 4 6435 0 5 6630 0
1.0309 -0.349265 5.666
212 222 229
3 6 8156 0 4 12305 0 7 8171 0
3.0945 -0.255248 7.95315
147 82 89
3 6 8211 0 5 8084 0 7 8217 0
0.687128 0.664121 6.11413
51 53 55
3 6 9416 0 4 11532 0 8 9879 0
2.73453 -1.03564 7.49565
237 248 255
3 6 10387 0 8 5542 0 7 7999 0
18.706 -8.24478 33.9564
123 122 125
4 6 11008 0 4 9422 0 5 10875 0 7 10752 0
0.621541 -2.34792 9.11079
254 255 255
3 6 11265 0 4 9357 0 5 10977 0
1.10939 0.527977 5.71191
93 31 31
4 6 24 0 5 39 0 7 19 0 8 18 0
1.062 -0.200746 5.73668
162 59 47
5 6 26 0 5 42 0 7 15 0 8 7 0 9 17 0
1.062 -0.200746 5.73668
162 59 47
5 6 27 0 5 43 0 7 16 0 8 8 0 9 18 0
0.0246239 0.816568 3.58421
16 19 20
3 6 43 0 7 21 0 8 6 0
1.07082 0.754286 5.60214
82 36 35
4 6 69 0 5 79 0 7 53 0 8 98 0
0.0132627 0.869947 3.55388
227 229 214
3 6 76 0 5 202 0 7 36 0
0.0132627 0.869947 3.55388
227 229 214
3 6 77 0 5 203 0 7 37 0
-0.807707 -0.496373 3.32942
124 88 84
3 6 162 0 5 227 0 7 65 0
2.67654 0.509085 6.12327
238 245 248
3 6 177 0 5 211 0 7 138 0
-0.751508 0.638172 3.36027
203 217 229
3 6 235 0 5 282 0 7 74 0
2.69216 0.496673 6.01433
245 249 251
3 6 560 0 5 912 0 8 281 0
15.1698 -10.8 32.2112
255 255 255
3 6 588 0 5 542 0 7 356 0
0.987169 -0.93607 5.61198
53 59 79
3 6 626 0 5 859 0 7 691 0
-0.634942 0.714058 3.4077
95 82 85
3 6 756 0 7 215 0 8 54 0
-0.801808 -0.246842 3.40804
77 68 79
3 6 766 0 5 2161 0 7 1324 0
17.3468 -10.4699 33.427
253 255 255
4 6 794 0 5 1183 0 7 694 0 10 1724 0
17.4901 -10.1837 33.0993
254 255 255
4 6 908 0 5 1018 0 7 970 0 10 1522 0
0.497728 -0.499741 6.28899
77 34 38
4 6 1101 0 5 2459 0 8 457 0 9 334 0
-0.695266 -0.46881 3.48675
83 77 81
3 6 1128 0 5 2811 0 8 157 0
-0.544176 0.751064 3.4879
98 76 78
3 6 1159 0 7 306 0 8 187 0
17.8672 -11.2041 34.4942
105 106 104
4 6 1207 0 5 936 0 7 1510 0 10 1889 0
0.290733 0.821102 3.99855
179 180 156
3 6 1268 0 5 2984 0 7 457 0
-0.845713 -0.193279 3.3327
101 87 91
3 6 1291 0 5 3971 0 7 395 0
-0.794658 -0.36421 3.33468
96 75 76
3 6 1425 0 5 2548 0 7 497 0
-1.38873 -4.91676 16.6454
254 255 255
3 6 1488 0 5 1708 0 7 1322 0
-0.614112 0.302561 3.49356
173 118 116
3 6 1540 0 5 3173 0 7 682 0
1.64051 1.08147 3.95866
153 159 168
3 6 1601 0 7 632 0 9 185 0
1.60083 0.753452 6.00832
136 63 65
4 6 1621 0 5 3707 0 7 671 0 8 196 0
0.324129 0.785916 3.99304
196 201 185
3 6 1682 0 7 659 0 8 324 0
0.725482 -0.914803 5.86592
59 64 83
3 6 1726 0 5 1939 0 7 1884 0
-0.52014 -0.279604 3.6468
62 57 65
3 6 1740 0 5 3261 0 7 764 0
-0.435313 -0.0361713 3.722
168 131 131
3 6 1777 0 5 3334 0 7 763 0
0.165558 0.744963 3.95547
155 150 133
3 6 1817 0 5 3277 0 7 684 0
0.617938 0.746922 4.08452
235 234 228
3 6 1841 0 5 3304 0 7 531 0
1.52792 -0.450727 6.0557
246 252 253
4 6 1866 0 5 3052 0 7 698 0 8 252 0
1.70029 0.747222 4.49148
187 193 176
3 6 1998 0 5 2913 0 7 880 0
1.13405 -0.864362 5.35312
116 127 143
3 6 2012 0 7 1041 0 8 288 0
1.55446 0.746204 4.43449
178 179 159
3 6 2018 0 5 2889 0 7 1026 0
1.90925 1.12419 4.02672
139 146 156
3 6 2061 0 5 3119 0 8 352 0
0.303247 -0.285302 6.40607
30 25 29
4 6 2095 0 5 3080 0 7 1281 0 8 308 0
14.9898 -9.87457 29.6786
254 255 255
3 6 2099 0 5 2194 0 7 1748 0
-2.20843 -2.46444 7.16552
140 112 116
3 6 2105 0 5 2581 0 7 2295 0
2.09507 0.742748 4.64819
165 171 150
3 6 2170 0 7 917 0 8 304 0
1.10856 0.743424 4.21503
174 173 160
3 6 2223 0 5 2150 0 7 540 0
-1.33269 -5.79656 17.8342
139 142 143
2 7 2502 0 8 1823 0
15.4135 -11.0958 30.5009
253 255 253
3 6 2334 0 5 2883 0 7 1196 0
-1.32102 -5.8441 18.2191
255 255 255
2 7 1606 0 8 1243 0
0.216396 0.906961 5.98758
196 192 179
3 6 2384 0 5 3980 0 7 2528 0
0.579524 0.791024 4.09032
165 165 147
3 6 2413 0 5 3393 0 7 1223 0
1.43458 0.750085 4.38569
180 184 162
3 6 2435 0 7 1205 0 8 451 0
1.01826 0.832597 4.2027
19 16 18
3 6 2448 0 7 1129 0 8 335 0
1.86946 1.05648 3.99426
126 129 137
3 5 4337 0 7 853 0 8 571 0
15.4617 -11.5363 32.0631
254 255 254
3 6 2586 0 5 3045 0 7 1258 0
15.1354 -9.94558 30.8629
147 149 146
3 6 2679 0 5 2517 0 7 1479 0
2.34141 -1.09337 7.01049
117 127 138
3 6 2726 0 5 3684 0 9 658 0
1.35823 0.745003 4.3471
172 178 156
3 6 2737 0 7 1594 0 8 755 0
8.42422 -6.08879 16.5061
122 123 120
3 6 2752 0 5 3476 0 7 2438 0
-2.14331 -2.24077 7.29049
149 114 115
3 6 2888 0 5 3038 0 7 2510 0
1.2243 0.74442 4.28373
175 176 154
3 6 2896 0 5 3242 0 7 837 0
-2.13993 -2.36436 7.22228
156 123 123
3 6 2903 0 5 4094 0 7 2571 0
-2.29753 -2.31252 7.23085
163 139 135
3 6 2917 0 5 2970 0 7 3798 0
-2.14548 -2.4739 7.27139
143 117 122
3 6 2950 0 5 3941 0 7 3111 0
1.08435 -0.223106 5.73548
172 78 70
5 6 3017 0 5 3849 0 7 2837 0 8 2062 0 9 2771 0
1.39133 0.746799 4.36598
166 173 151
3 6 3052 0 7 2022 0 8 867 0
2.94487 -1.00335 7.75043
236 247 252
4 6 3058 0 5 3647 0 7 1236 0 8 1246 0
2.90261 -1.89562 8.16252
154 167 176
2 7 3105 0 8 2702 0
0.0549115 0.775598 3.89434
153 151 132
3 6 3119 0 7 1526 0 8 799 0
16.9634 -10.2239 33.7689
135 137 137
4 6 3264 0 5 3212 0 11 2317 0 7 2457 0
-0.614641 -0.183661 3.53279
152 120 125
3 6 3511 0 5 4299 0 7 2140 0
-2.11866 -2.5337 7.27063
150 145 150
3 6 3917 0 5 4097 0 7 3230 0
0.259732 0.785116 3.98089
175 173 148
3 6 4537 0 5 5583 0 8 4251 0
0.949005 0.79477 4.22409
182 186 174
3 6 4541 0 5 5586 0 8 4282 0
3.15897 -0.447913 7.92269
233 245 252
4 6 4658 0 5 4871 0 7 4776 0 9 4079 0
1.07434 0.759921 5.60135
80 35 34
4 6 5078 0 5 5630 0 7 4692 0 8 4427 0
0.790317 -0.482424 6.00523
222 226 230
4 6 5217 0 5 5790 0 7 4795 0 8 4535 0
-0.467259 -0.67069 3.76093
49 39 47
3 6 5302 0 5 5257 0 7 4843 0
-1.13355 -5.05859 16.9484
128 133 134
3 6 5488 0 5 5430 0 7 5624 0
17.2365 -9.36696 32.1469
115 120 107
4 6 5808 0 5 5938 0 7 5847 0 10 5265 0
-1.04515 -5.25077 17.3327
220 222 223
2 7 5898 0 8 5921 0
15.8535 -10.7199 31.6216
170 176 172
3 6 5941 0 5 6027 0 7 5960 0
1.12938 -0.923702 5.37161
201 211 223
3 6 6053 0 5 6808 0 7 6053 0
0.742939 1.01639 3.65401
126 127 122
3 6 6100 0 7 6191 0 8 6034 0
2.18967 0.685537 4.66768
241 243 231
3 6 6288 0 7 6387 0 8 6317 0
0.435899 0.908749 6.38753
163 159 148
3 6 6305 0 5 6369 0 7 6406 0
2.77073 0.714399 6.10482
242 249 252
3 6 6322 0 5 6389 0 7 6424 0
1.70788 0.468735 6.04536
120 51 54
3 5 6442 0 8 4948 0 7 5281 0
1.04446 -0.348438 5.70684
214 224 230
5 6 6572 0 5 6642 0 7 6651 0 8 5401 0 9 5182 0
2.70612 0.748219 6.01264
184 187 177
4 6 6841 0 5 8316 0 7 6413 0 8 6353 0
2.09596 0.751974 4.65239
173 180 160
3 6 6925 0 5 8361 0 9 5900 0
0.883223 0.81933 4.19349
164 168 153
3 6 7024 0 8 6797 0 9 5855 0
-2.19406 -2.31061 7.14999
139 117 119
3 6 7286 0 5 8622 0 7 7368 0
17.0671 -12.4997 35.423
109 112 110
4 6 7300 0 5 7234 0 7 7378 0 10 7127 0
15.2873 -11.219 32.2894
247 250 253
3 6 7315 0 5 7247 0 7 7398 0
-2.19206 -2.24101 7.18524
141 111 111
3 6 7318 0 5 7313 0 7 7403 0
14.433 -10.7737 32.1451
254 255 255
3 6 7344 0 5 7272 0 7 7424 0
0.976784 -0.93132 5.58704
59 65 84
3 6 7944 0 5 7823 0 7 7931 0
15.3952 -11.4979 31.9124
254 255 255
3 6 8362 0 5 8471 0 7 8428 0
16.0325 -11.3115 31.4219
123 131 118
3 6 8373 0 5 8482 0 7 8429 0
15.8445 -11.5788 32.4757
138 139 133
3 6 8385 0 5 8501 0 7 8442 0
-1.34988 -5.85161 17.9868
140 142 143
2 7 8550 0 8 8271 0
14.7415 -11.1505 32.5182
145 145 146
3 6 8458 0 5 7255 0 7 7404 0
-1.30633 -5.8012 18.0831
254 255 255
2 7 8579 0 8 8308 0
15.397 -10.4276 30.3978
247 250 249
3 6 8476 0 5 8565 0 7 8495 0
-1.16805 -5.71484 18.3008
255 255 255
2 7 8652 0 8 8381 0
1.15596 1.07928 4.01996
52 45 38
3 6 9027 0 7 6219 0 8 6079 0
2.08886 0.7409 4.63979
170 176 155
3 6 9295 0 5 9195 0 7 9196 0
1.26391 0.760958 5.57169
234 243 246
4 6 9332 0 5 9248 0 7 6399 0 9 4789 0
1.64396 0.781613 6.02425
91 29 30
5 6 9346 0 5 9260 0 7 6985 0 8 6357 0 9 5933 0
0.392306 0.845802 6.21915
47 26 27
5 6 9349 0 5 9262 0 7 9250 0 9 6561 0 10 5656 0
0.940965 0.427994 5.70046
217 222 223
3 6 9493 0 5 9383 0 7 9386 0
1.06405 -0.233239 5.7462
118 40 42
5 6 10057 0 5 9895 0 7 9897 0 8 10306 0 9 9417 0
1.02395 -0.274341 5.72813
125 59 67
3 6 10100 0 5 9940 0 8 10322 0
1.49432 -0.553288 5.96841
163 102 110
3 6 10258 0 5 10133 0 7 6695 0
2.3333 -1.08158 6.97948
175 183 192
3 6 10463 0 5 10302 0 7 7956 0
2.84912 -1.21911 7.77266
181 197 209
3 6 10466 0 5 10311 0 8 5606 0
2.97619 -1.8615 7.89997
83 51 62
4 6 10945 0 5 10685 0 8 5792 0 7 5725 0
2.98653 -2.059 8.02956
77 54 57
3 6 11151 0 7 11001 0 8 8576 0
-0.689842 0.859746 3.34636
60 76 94
3 7 638 0 5 3952 0 6 2044 0
-0.610545 0.876298 3.42846
70 93 116
3 7 1291 0 5 3688 0 6 1642 0
0.916611 -0.416416 5.85389
146 143 137
4 7 1347 0 5 2995 0 6 2220 0 8 643 0
3.0486 -0.181479 7.80214
100 80 67
3 7 1533 0 6 2645 0 8 857 0
0.575753 0.225515 6.21463
216 225 228
5 7 1695 0 5 2610 0 6 2262 0 4 4007 0 8 1292 0
-0.304501 0.852001 3.75361
12 12 13
2 7 2839 0 8 2707 0
17.8119 -11.4187 34.2643
108 110 108
3 7 2897 0 5 3810 0 11 1458 0
1.04363 -0.409855 5.75978
123 60 66
6 7 4787 0 5 5779 0 6 4665 0 4 5885 0 8 4526 0 9 4524 0
0.681001 -0.473749 6.08768
219 223 227
4 7 4796 0 5 5789 0 6 5213 0 8 4532 0
-0.462602 0.768444 3.61774
151 107 104
3 7 6287 0 5 9088 0 6 7054 0
0.588925 0.747069 4.09293
147 146 139
3 7 6331 0 5 8402 0 6 6226 0
1.69024 0.722286 5.24477
234 239 236
2 7 6395 0 8 6328 0
1.39837 0.807017 5.72925
200 194 179
3 7 6397 0 5 8327 0 6 6858 0
16.5705 -10.8475 35.0594
208 210 211
4 7 123 0 6 137 0 10 142 0 11 56 0
2.27688 0.20495 6.11321
232 241 248
4 7 221 0 6 239 0 8 181 0 9 138 0
-0.661138 0.18972 3.41797
156 94 89
3 7 229 0 6 398 0 8 128 0
0.876286 0.842952 4.17513
14 15 16
3 7 274 0 6 2455 0 8 267 0
1.44942 0.842501 4.40786
37 34 25
3 7 305 0 6 3046 0 8 2529 0
-0.65741 0.213451 3.42736
111 83 79
3 7 343 0 6 1596 0 8 194 0
0.224648 0.84016 6.32514
59 23 15
2 7 345 0 8 1266 0
0.156758 -2.397 9.82563
255 255 255
2 7 515 0 8 366 0
-0.372675 -0.348124 3.85392
163 119 114
3 7 579 0 6 2361 0 8 287 0
17.6067 -8.22298 34.1636
91 89 89
4 7 600 0 6 665 0 10 924 0 11 579 0
2.61825 0.472697 6.17088
221 229 232
3 7 610 0 6 1167 0 8 344 0
15.8272 -12.5517 34.7137
254 255 255
3 7 643 0 6 978 0 10 432 0
1.53074 1.08749 3.97126
145 149 155
3 7 661 0 6 1867 0 9 194 0
0.135214 -0.762143 6.27061
25 28 40
2 7 665 0 8 341 0
0.836313 0.757114 4.1875
150 150 133
3 7 933 0 6 2267 0 9 211 0
-0.610462 0.125085 3.49621
108 82 80
3 7 936 0 6 3288 0 8 439 0
-1.42643 -5.84474 18.5123
102 105 106
2 7 950 0 8 791 0
0.974263 0.358519 5.63626
53 56 60
3 7 967 0 6 1444 0 8 291 0
2.95472 -0.170627 7.69513
93 57 49
3 7 978 0 6 1979 0 8 743 0
2.52452 0.748924 5.75955
202 206 188
3 7 1013 0 6 2196 0 8 360 0
1.80227 1.05779 4.20952
128 131 137
3 7 1066 0 6 2817 0 8 378 0
17.6344 -9.93504 33.2716
253 255 255
3 7 1094 0 6 2597 0 10 883 0
-0.0973876 0.768423 4.55698
211 204 187
3 7 1169 0 6 2598 0 8 349 0
0.837337 0.844597 4.17587
52 50 44
3 7 1193 0 6 1983 0 8 1208 0
2.41429 -0.145976 7.04712
83 63 49
3 7 1220 0 6 2494 0 8 472 0
1.57624 -0.480673 6.1352
103 50 56
3 7 1231 0 6 2516 0 8 558 0
-0.517268 0.0421202 3.61505
96 91 95
3 7 1259 0 6 1949 0 8 340 0
-0.517268 0.0421202 3.61505
96 91 95
3 7 1260 0 6 1950 0 8 339 0
-0.563009 0.231736 3.53002
144 107 103
3 7 1277 0 6 2329 0 8 380 0
0.646122 -0.258243 6.16844
61 64 66
4 7 1278 0 6 1070 0 8 1101 0 9 1563 0
1.56662 -0.532176 6.10352
88 42 48
4 7 1295 0 6 2333 0 8 516 0 9 328 0
0.686541 0.658394 6.07704
57 62 66
4 7 1349 0 6 1123 0 8 984 0 9 1688 0
0.686541 0.658394 6.07704
57 62 66
4 7 1350 0 6 1124 0 8 985 0 9 1689 0
-0.70626 -0.277616 3.45108
140 103 98
3 7 1397 0 6 3339 0 8 359 0
1.42027 1.09297 3.97778
151 160 170
3 7 1505 0 6 3397 0 8 718 0
0.485175 0.752363 4.04424
173 179 171
3 7 1721 0 6 3345 0 8 911 0
-0.579591 0.529151 3.47487
145 96 92
3 7 1766 0 6 3942 0 8 901 0
-0.450467 -0.406879 3.75018
138 106 110
3 7 1802 0 6 3304 0 8 701 0
-0.572963 0.558955 3.48288
108 76 74
3 7 1810 0 6 3373 0 8 600 0
2.12656 -1.16241 6.88034
172 124 137
3 7 1853 0 6 3577 0 8 697 0
16.7539 -12.0937 36.9036
141 141 143
4 7 1886 0 6 1480 0 8 1183 0 10 1328 0
1.382 1.02794 3.98482
156 154 154
3 7 1917 0 6 2991 0 9 1177 0
2.23472 -1.08461 6.99694
178 129 142
3 7 1940 0 6 3350 0 8 450 0
2.44954 -0.763457 7.18695
153 90 98
3 7 1942 0 6 3460 0 8 462 0
2.44954 -0.763457 7.18695
153 90 98
3 7 1943 0 6 3461 0 8 461 0
0.312596 0.75734 3.98881
168 172 161
3 7 2012 0 6 3455 0 8 1129 0
1.31945 0.748237 4.34561
161 164 143
3 7 2073 0 6 3360 0 9 1151 0
1.61733 0.74859 4.45159
168 173 148
3 7 2087 0 6 3895 0 8 889 0
2.35414 -0.80963 7.10094
160 97 107
3 7 2096 0 6 3750 0 8 543 0
-0.560589 -0.326727 3.62296
123 111 115
3 7 2178 0 6 3292 0 8 1073 0
-0.523186 -0.122104 3.63594
106 74 73
3 7 2183 0 6 3216 0 8 1134 0
-0.523186 -0.122104 3.63594
106 74 73
3 7 2184 0 6 3215 0 8 1133 0
0.132737 0.760013 3.91896
158 163 145
3 7 2203 0 6 3932 0 8 968 0
-0.527491 -0.426014 3.67171
85 78 82
3 7 2236 0 6 3536 0 8 645 0
-0.626646 0.856304 3.40685
85 110 137
3 7 2257 0 6 3329 0 8 875 0
3.11396 -1.1809 8.80716
158 107 116
2 7 2327 0 8 832 0
2.54882 0.287997 6.27573
116 117 99
3 7 2371 0 6 3572 0 8 1227 0
-0.502648 0.170049 3.61133
111 78 74
3 7 2431 0 6 3808 0 8 1027 0
-0.430394 0.144777 3.69641
152 114 109
3 7 2449 0 6 3237 0 8 530 0
-0.583254 0.683104 3.46481
97 81 84
3 7 2458 0 6 3446 0 8 921 0
-0.474672 -0.46057 3.72941
123 99 101
3 7 2466 0 6 3851 0 8 833 0
2.29289 -0.948113 6.97322
151 98 109
4 7 2478 0 6 3826 0 8 1418 0 10 1176 0
2.01201 0.745066 4.62076
170 173 151
3 7 2668 0 6 3586 0 8 1573 0
-0.449383 -0.0886216 3.70436
164 113 109
3 7 2674 0 6 3936 0 8 1293 0
1.10067 0.230227 5.6934
145 63 65
3 7 2685 0 6 3118 0 8 2071 0
0.159267 0.755906 3.93505
175 182 167
3 7 2713 0 6 3976 0 8 1408 0
1.55479 1.06097 3.97488
139 145 155
3 7 2917 0 6 4112 0 8 859 0
-3.30585 -5.37652 17.2427
53 59 58
2 7 2982 0 8 1403 0
0.96501 0.412019 5.60962
129 142 142
4 7 3002 0 6 2893 0 8 1975 0 9 2427 0
2.45127 -0.987578 7.24127
147 97 107
3 7 3058 0 6 3756 0 8 930 0
-0.616955 -0.04593 3.5198
122 105 108
3 7 3059 0 6 3228 0 8 658 0
16.637 -12.133 35.8075
254 254 255
3 7 3191 0 6 3528 0 10 3291 0
-1.22855 -5.85326 18.03
138 138 138
2 7 3834 0 8 2863 0
-1.22855 -5.85326 18.03
138 138 138
2 7 3835 0 8 2862 0
0.907219 0.634043 5.95584
216 223 226
3 7 4330 0 6 4227 0 8 4007 0
0.969028 0.254873 5.76155
225 231 234
4 7 4402 0 6 4344 0 8 4018 0 9 4064 0
1.16906 -0.168867 5.68732
228 234 238
6 7 4487 0 6 4365 0 8 4030 0 9 4078 0 10 3890 0 11 4047 0
0.292766 -0.435202 6.35763
23 21 24
3 7 4582 0 6 4382 0 9 4084 0
1.68397 0.772928 4.45536
158 165 151
4 7 4673 0 6 5035 0 9 4304 0 18 2674 0
1.02807 0.827005 5.61424
200 198 177
4 7 4689 0 6 5074 0 8 4426 0 9 4397 0
0.53916 0.790913 6.14006
199 209 216
3 7 4701 0 8 4435 0 9 4406 0
1.05576 0.658556 5.61926
96 39 40
3 7 4703 0 6 5086 0 8 4439 0
0.972325 0.40882 5.63404
120 133 131
4 7 4720 0 6 5108 0 8 4466 0 9 4434 0
1.07644 -0.218909 5.67445
174 77 67
3 7 4767 0 6 5178 0 8 4505 0
2.62694 -0.940118 7.40177
146 91 102
3 7 4818 0 6 5258 0 9 4136 0
2.41249 -0.945085 7.14114
144 88 98
3 7 4822 0 6 5262 0 10 4048 0
-4.69108 -3.43977 13.2784
139 138 135
2 7 4921 0 8 4647 0
0.60622 0.136791 6.19398
205 214 219
4 7 5317 0 6 5145 0 8 4986 0 9 4866 0
1.04083 -0.220953 5.79287
143 60 62
3 7 5338 0 6 5179 0 8 4504 0
-0.0429974 -0.47354 6.19683
52 46 41
2 7 5379 0 8 4534 0
0.622038 -0.538265 6.21642
107 58 62
2 7 5391 0 8 5064 0
16.5476 -10.7937 35.0387
239 242 243
3 7 5622 0 6 5474 0 10 4876 0
16.4698 -12.0386 35.9691
255 255 255
3 7 5653 0 6 5499 0 10 4903 0
1.3452 1.05426 3.98007
73 64 55
3 7 6217 0 6 9033 0 8 6073 0
1.59957 0.733616 4.45991
136 135 112
3 7 6355 0 6 6931 0 8 6289 0
2.10842 0.722264 4.63571
129 128 109
3 7 6373 0 6 6884 0 8 6302 0
0.21928 0.830611 6.30756
65 22 17
2 7 6422 0 8 6369 0
1.65389 0.731581 6.05477
96 25 25
3 7 6428 0 6 6828 0 8 6365 0
1.65866 0.435972 6.06943
232 240 245
3 7 6491 0 6 9496 0 8 5962 0
-0.441627 0.222557 3.67825
82 66 67
3 7 6492 0 6 6763 0 8 5966 0
0.21061 -0.340679 6.42702
85 74 65
2 7 6642 0 8 5389 0
-0.518943 -0.206019 3.63661
72 55 58
3 7 6646 0 6 6563 0 8 5042 0
0.996778 0.327367 5.64997
222 228 232
3 7 6883 0 6 9551 0 8 5983 0
2.44159 0.751475 5.78495
205 209 207
3 7 6990 0 6 9342 0 8 6338 0
1.44527 0.726343 4.38233
103 99 78
3 7 7032 0 6 9278 0 8 6287 0
1.49111 -0.477502 6.03087
101 35 42
3 7 8152 0 6 10215 0 8 5418 0
1.09326 -0.250384 5.67955
110 49 54
3 7 8193 0 6 8187 0 8 8125 0
0.638338 0.822754 3.92896
160 163 134
3 7 9066 0 6 9163 0 8 9543 0
0.991891 0.781214 4.41275
153 146 119
2 7 9168 0 8 6277 0
2.32526 0.300205 6.40022
108 107 87
3 7 9438 0 6 9569 0 8 6504 0
0.577253 0.254821 6.17228
144 147 149
3 7 9462 0 6 9602 0 8 10081 0
1.05672 -0.389995 5.76794
106 41 46
3 7 10011 0 6 10175 0 8 10373 0
1.07895 -0.84226 5.4531
30 32 43
2 7 10314 0 8 10912 0
4.08123 -0.946848 8.99406
68 53 50
3 8 1554 0 5 3697 0 10 2532 0
1.18054 -0.557706 5.73276
215 223 227
3 8 3987 0 5 4718 0 7 4374 0
0.528835 -0.383235 6.24687
164 163 161
6 8 3989 0 5 4507 0 6 4215 0 7 4339 0 9 4015 0 10 3792 0
-1.63838 -1.3343 6.02333
50 44 50
2 8 5801 0 7 10801 0
1.11063 1.06396 4.0141
141 101 82
2 8 6090 0 7 8888 0
0.877588 0.844892 4.17856
14 15 18
3 8 6230 0 5 9102 0 6 9188 0
1.02634 -0.398663 5.76333
128 67 72
3 8 5041 0 4 6464 0 9 4920 0
0.548636 0.226319 6.23495
215 224 229
4 8 5270 0 4 9077 0 7 6531 0 6 6425 0
1.70802 0.787809 4.42748
178 183 161
3 8 6259 0 4 11351 0 6 6999 0
1.48196 1.06487 3.95947
130 135 140
3 8 209 0 6 1005 0 9 120 0
2.68257 -0.653282 7.46353
149 84 92
3 8 614 0 6 3555 0 7 2198 0
1.63302 0.385662 5.41125
118 52 54
3 8 629 0 6 2608 0 7 979 0
2.12656 -1.16241 6.88034
172 124 137
3 8 698 0 6 3576 0 7 1854 0
2.84024 -1.45893 7.67762
202 216 226
3 8 1388 0 6 3721 0 9 919 0
-0.0144708 -0.540406 6.49269
49 50 52
3 8 2596 0 6 3981 0 9 3831 0
0.00301793 -0.529889 6.15372
254 255 255
2 8 2644 0 7 3248 0
-0.0182858 -0.551222 6.38336
253 255 255
4 8 2645 0 6 3613 0 7 3247 0 9 3505 0
0.965627 -0.31471 5.80103
223 231 236
4 8 4038 0 6 4378 0 9 4083 0 10 3899 0
0.602378 -0.440162 6.16786
205 212 216
3 8 4527 0 6 5205 0 10 4231 0
2.02263 0.720608 4.59347
133 134 114
3 8 4882 0 6 6270 0 9 4378 0
2.17034 -0.421657 6.78343
158 162 158
6 8 5397 0 6 8158 0 7 8173 0 10 6148 0 11 6036 0 12 4196 0
4.06195 -0.885912 8.98112
133 128 133
3 8 5437 0 6 8076 0 9 5235 0
1.38866 1.11277 3.98257
61 60 61
3 8 6040 0 6 8993 0 7 7250 0
1.1758 0.768313 5.50999
145 157 160
3 8 6335 0 6 9328 0 9 5922 0
-0.587213 0.393429 3.48834
171 125 118
3 8 6345 0 6 9363 0 7 9244 0
1.13858 0.643618 5.49184
200 212 211
3 8 6370 0 6 6825 0 7 6429 0
0.524163 -0.385072 6.26916
127 123 116
4 8 8086 0 6 10170 0 9 7630 0 10 6181 0
1.35184 0.835279 4.23965
12 16 18
2 8 2 0 7 28 0
0.620892 0.864813 3.93526
25 29 31
2 8 13 0 7 25 0
0.620892 0.864813 3.93526
25 29 31
2 8 14 0 7 26 0
1.19484 -0.818128 5.46353
240 250 252
2 8 16 0 7 39 0
-0.287248 0.805236 3.7475
145 146 126
2 8 21 0 7 35 0
-0.185777 -0.413561 5.94869
120 113 91
2 8 49 0 7 156 0
3.7143 -0.474751 8.61701
233 244 255
2 8 55 0 7 84 0
1.19071 0.891657 4.03437
101 79 44
2 8 64 0 7 161 0
2.68522 0.684134 5.93061
227 236 240
3 8 77 0 7 178 0 10 66 0
-0.498204 0.294354 3.61084
146 97 93
2 8 83 0 7 165 0
-0.440152 -0.172666 3.74941
169 109 102
2 8 87 0 7 211 0
2.2711 0.266348 6.07619
234 244 249
3 8 163 0 7 210 0 9 119 0
1.11523 1.07206 3.95026
155 149 116
2 8 202 0 7 718 0
1.76427 0.490326 6.15977
129 56 58
2 8 207 0 7 881 0
-0.456437 0.604184 3.59442
133 99 99
2 8 263 0 7 794 0
0.20296 -0.769564 6.21674
22 26 38
2 8 276 0 7 589 0
-0.644023 0.185206 3.44322
145 91 88
2 8 283 0 7 1221 0
-0.664577 0.467351 3.39397
84 66 65
2 8 327 0 7 1990 0
-0.664577 0.467351 3.39397
84 66 65
2 8 328 0 7 1989 0
-0.444694 -0.209946 3.73608
146 91 90
2 8 345 0 7 1799 0
2.15093 -1.22773 6.96673
184 139 153
2 8 372 0 7 1621 0
2.15093 -1.22773 6.96673
184 139 153
2 8 373 0 7 1622 0
2.38204 -0.935687 7.20234
151 110 110
3 8 405 0 7 1898 0 13 526 0
2.38204 -0.935687 7.20234
151 110 110
3 8 406 0 7 1897 0 13 527 0
2.0738 1.06223 5.0972
12 18 24
2 8 419 0 7 906 0
1.27793 0.9497 4.03004
73 57 37
2 8 431 0 7 1095 0
-0.348276 0.844028 3.52247
47 64 79
2 8 432 0 7 2805 0
-0.457963 -0.286432 3.7308
57 61 66
2 8 440 0 7 1618 0
2.48678 -0.605063 7.25604
153 87 96
2 8 442 0 7 2010 0
0.242204 -0.415317 6.458
20 20 21
3 8 469 0 7 453 0 9 1243 0
-0.5841 -0.162183 3.55909
153 95 91
2 8 502 0 7 1619 0
-0.313191 0.902096 3.74225
101 107 97
2 8 510 0 7 2931 0
4.13104 -0.710383 8.97646
27 27 36
2 8 512 0 7 452 0
1.01387 0.0893184 5.76204
235 236 232
2 8 515 0 7 320 0
0.678413 0.786149 3.93383
19 18 18
2 8 526 0 7 3803 0
2.36815 -0.815833 7.14368
159 97 108
2 8 544 0 7 2097 0
-0.530539 0.765672 3.49392
106 86 84
2 8 545 0 7 1132 0
1.32595 -0.396537 5.83154
128 68 75
4 8 546 0 7 2271 0 9 222 0 10 219 0
1.16842 1.05482 4.01333
142 104 83
2 8 552 0 7 1343 0
-0.684793 0.00329971 3.43197
79 69 72
2 8 580 0 7 2706 0
1.32429 -0.247313 5.76226
141 73 81
2 8 590 0 7 868 0
0.686387 0.857634 3.74431
225 231 216
2 8 595 0 7 3502 0
-0.665891 0.200407 3.41909
149 92 89
2 8 597 0 7 2451 0
0.856122 0.848223 4.15589
133 137 129
2 8 601 0 7 2031 0
-0.650889 0.734544 3.38508
86 85 88
2 8 620 0 7 3008 0
-0.518445 -0.456646 3.70079
81 69 72
2 8 623 0 7 1892 0
1.67892 0.404362 5.57543
122 52 54
2 8 628 0 7 980 0
1.44895 1.1365 3.91835
109 90 81
2 8 637 0 7 3526 0
-0.416563 0.784429 6.91393
60 19 17
2 8 639 0 7 300 0
0.435718 0.810423 4.01181
165 165 139
2 8 640 0 7 2482 0
2.24249 -1.63478 7.14829
173 142 159
2 8 641 0 7 2475 0
2.39887 -1.11911 7.16608
132 143 153
2 8 650 0 7 867 0
2.69651 -0.342117 7.44064
146 78 85
2 8 673 0 7 2299 0
1.341 1.01781 3.98707
88 82 74
2 8 675 0 7 965 0
-0.587432 0.0218958 3.52917
94 75 76
2 8 680 0 7 2529 0
-0.337803 -0.719381 6.6669
22 27 37
2 8 699 0 7 942 0
-0.472172 -0.709507 6.77641
23 28 39
3 8 723 0 7 955 0 9 737 0
-0.436496 0.218311 3.67618
80 53 49
2 8 725 0 7 1074 0
0.705541 0.867755 3.73836
89 95 75
2 8 733 0 7 1591 0
0.766917 1.02204 3.60849
144 136 111
2 8 742 0 7 1732 0
-0.411914 -0.0846352 3.7759
167 114 110
2 8 746 0 7 1930 0
-0.351247 0.862716 6.26079
111 105 93
2 8 756 0 7 845 0
1.04341 1.06209 3.69532
153 152 137
2 8 765 0 7 2397 0
-0.405306 -0.714249 6.72147
22 28 37
3 8 777 0 7 939 0 9 750 0
-0.538212 0.57962 3.50604
161 97 89
2 8 788 0 7 2320 0
-0.64357 -0.121958 3.49564
93 90 87
2 8 793 0 7 2669 0
-0.537921 0.898824 3.47518
159 160 146
2 8 820 0 7 2474 0
-0.416996 -0.0042194 3.75156
96 87 92
2 8 828 0 7 2331 0
3.11396 -1.1809 8.80716
161 110 121
2 8 831 0 7 2326 0
-0.521022 0.847228 6.41087
125 122 101
2 8 862 0 7 1170 0
-0.17027 0.762597 3.81952
143 147 131
2 8 913 0 7 1365 0
1.81849 1.07728 4.52023
99 111 126
2 8 920 0 7 2581 0
2.47866 -1.00053 7.32344
152 101 112
2 8 928 0 7 3057 0
1.74663 -0.632598 5.01822
151 103 112
2 8 929 0 7 4132 0
0.560236 0.935374 3.51685
118 122 105
2 8 933 0 7 2099 0
1.48113 0.830864 4.39449
136 134 111
2 8 959 0 7 4150 0
2.15798 0.969397 4.738
77 78 64
2 8 961 0 7 1031 0
-0.302084 0.810764 4.98926
195 191 172
2 8 970 0 7 844 0
-0.625055 0.0701404 3.48496
170 108 98
2 8 973 0 7 2979 0
-0.467302 -0.530264 3.76331
55 37 33
2 8 979 0 7 2607 0
0.577444 0.867572 3.69494
133 137 116
2 8 1053 0 7 2266 0
1.5926 -0.36599 6.16585
105 51 57
2 8 1065 0 7 1388 0
-0.417675 0.0392974 3.72649
116 89 87
2 8 1074 0 7 2400 0
-0.526671 -0.442644 3.69129
126 90 88
2 8 1083 0 7 2359 0
2.40881 0.0297316 6.98205
66 31 24
2 8 1084 0 7 2435 0
-0.617369 0.181444 3.4663
136 96 96
2 8 1093 0 7 2899 0
0.564465 0.722432 4.1723
223 220 199
2 8 1096 0 7 2678 0
1.26556 1.03864 4.02071
142 135 117
2 8 1104 0 7 2143 0
-0.609747 -0.297884 3.55775
151 97 94
2 8 1105 0 7 3246 0
0.609251 0.872017 3.71775
134 138 115
2 8 1117 0 7 2872 0
-0.472667 0.279654 3.62287
130 110 108
2 8 1137 0 7 2787 0
3.0654 -0.426774 7.87809
83 35 38
2 8 1152 0 7 2447 0
-0.704682 -0.189063 3.44083
123 106 108
2 8 1162 0 7 3957 0
-0.446938 -0.300937 3.74763
144 103 100
2 8 1174 0 7 2846 0
1.37314 1.09149 3.67059
162 157 148
2 8 1176 0 7 3476 0
0.00937661 0.802762 3.67683
140 140 114
2 8 1186 0 7 2339 0
-0.404105 -0.363447 3.81267
136 102 99
2 8 1188 0 7 3459 0
-0.309154 0.860285 6.63752
96 94 74
2 8 1268 0 7 1786 0
2.80431 0.703565 6.41549
175 186 203
2 8 1307 0 7 2049 0
2.80431 0.703565 6.41549
175 186 203
2 8 1308 0 7 2050 0
-0.507822 -0.220598 3.6458
118 117 113
2 8 1310 0 7 3456 0
-0.643314 -0.206836 3.51044
141 96 94
2 8 1368 0 7 3562 0
2.31854 0.167965 6.32424
95 43 44
2 8 1369 0 7 736 0
-0.364379 0.420772 3.72429
179 118 112
2 8 1404 0 7 2225 0
-0.577131 -0.199505 3.58277
109 67 64
2 8 1411 0 7 3890 0
-0.684999 -0.395982 3.51458
147 92 88
2 8 1414 0 7 3249 0
-0.537971 0.164621 3.57312
147 100 96
2 8 1415 0 7 4125 0
-0.426145 0.200348 3.68085
168 152 145
2 8 1437 0 7 3762 0
0.287768 0.754708 3.97528
159 161 149
2 8 1442 0 7 2506 0
-0.41168 -0.389677 3.81282
134 92 89
2 8 1488 0 7 3153 0
0.3362 0.748709 3.97832
164 167 158
2 8 1490 0 7 2762 0
3.00395 -0.567628 7.83008
146 85 93
2 8 1504 0 7 4141 0
-0.584692 -0.288912 3.58996
99 79 75
2 8 1506 0 7 4105 0
-0.651932 -0.113422 3.49117
151 116 112
2 8 1508 0 7 2650 0
-0.513572 -0.414136 3.69693
151 104 99
2 8 1546 0 7 3409 0
-0.535245 0.0568124 3.59104
100 87 88
2 8 1551 0 7 4031 0
-0.465949 -0.410579 3.75236
79 70 71
2 8 1557 0 7 3335 0
-0.465949 -0.410579 3.75236
79 70 71
2 8 1558 0 7 3334 0
-0.694912 0.211398 3.39744
151 92 88
2 8 1571 0 7 3384 0
-0.586888 -0.186981 3.57238
125 109 115
2 8 1576 0 7 2894 0
-0.673248 0.39704 3.39387
91 77 75
2 8 1577 0 7 3939 0
0.537589 0.880595 3.67806
142 152 123
2 8 1580 0 7 3073 0
-1.25262 -5.5784 18.0855
110 113 113
2 8 1612 0 7 2013 0
-0.678342 -0.431137 3.52897
79 76 80
2 8 1613 0 7 3336 0
2.73252 -2.11755 7.78504
117 77 92
2 8 1637 0 7 3840 0
-0.579071 -0.72334 6.85166
153 161 177
3 8 1642 0 7 1333 0 9 1041 0
1.56602 1.09346 3.98322
154 158 164
2 8 1659 0 7 2595 0
-0.433114 -0.432411 3.79581
162 161 161
2 8 1660 0 7 3260 0
-0.448263 0.168916 3.68719
163 112 107
2 8 1663 0 7 3080 0
-0.545012 0.814569 6.39249
119 114 94
2 8 1689 0 7 2642 0
-0.410205 -0.221338 3.78055
95 72 71
2 8 1704 0 7 3632 0
-0.688089 0.696166 3.34478
91 72 69
2 8 1707 0 7 3923 0
0.605343 0.801936 3.89349
142 137 113
2 8 1715 0 7 3244 0
-0.417725 -0.251206 3.79871
147 105 103
2 8 1764 0 7 3405 0
-0.536277 0.331189 3.5528
146 104 101
2 8 1769 0 7 3410 0
-3.47095 -5.23928 17.0042
58 68 59
2 8 1790 0 7 1660 0
-0.405958 -0.557308 3.75808
62 54 50
2 8 1806 0 7 3707 0
-0.452595 0.670654 3.58681
154 91 89
2 8 1810 0 7 3438 0
1.41921 1.07137 3.9864
146 155 166
2 8 1835 0 7 3533 0
-0.63151 0.357804 3.43992
80 79 84
2 8 1836 0 7 4129 0
0.217312 0.751948 3.9413
160 159 142
2 8 1859 0 7 3489 0
0.182137 0.751478 3.93367
165 170 156
2 8 1866 0 7 3658 0
0.0536497 0.753008 3.88332
150 152 139
2 8 1882 0 7 3838 0
1.49697 0.739981 5.1794
190 189 167
2 8 1927 0 7 2705 0
-0.48111 -0.379671 3.72082
87 77 79
2 8 1928 0 7 4202 0
-0.658662 -0.419767 3.548
122 92 90
2 8 1964 0 7 3989 0
-0.611207 -0.0051917 3.50809
92 88 91
2 8 1978 0 7 4166 0
-2.23168 -2.21058 7.47265
142 112 111
2 8 1991 0 7 2499 0
-0.48806 0.624827 3.55239
135 94 96
2 8 2008 0 7 3787 0
-0.59925 -0.206576 3.56828
144 96 93
2 8 2018 0 7 3542 0
0.0723905 0.801953 3.88296
176 181 156
2 8 2033 0 7 3750 0
-0.435684 0.206472 3.67783
83 55 48
2 8 2056 0 7 3693 0
-0.50348 0.503462 3.54689
147 114 112
2 8 2089 0 7 3922 0
0.988214 0.111836 5.78779
139 140 134
5 8 2143 0 7 3909 0 9 1579 0 10 1381 0 11 2771 0
0.988117 0.111913 5.78378
146 146 142
4 8 2144 0 7 3910 0 9 1580 0 10 1382 0
2.26747 0.221337 6.32271
83 30 31
2 8 2150 0 7 2612 0
-3.11496 -4.53685 16.0361
67 75 60
2 8 2189 0 7 3731 0
1.59742 -0.586031 6.21024
109 42 50
2 8 2195 0 7 2702 0
-0.636324 0.213814 3.44856
94 67 64
2 8 2203 0 7 4283 0
-0.379217 0.038881 3.78824
101 68 72
2 8 2232 0 7 4254 0
0.809835 0.847443 4.17578
37 35 27
2 8 2291 0 7 2156 0
-0.598418 0.359708 3.47492
93 92 95
2 8 2356 0 7 3984 0
-0.380964 0.27124 3.73614
91 84 90
2 8 2369 0 7 4214 0
-0.488636 -0.475823 3.73499
76 69 70
2 8 2411 0 7 4297 0
0.164589 0.904836 6.53376
111 98 87
2 8 2423 0 7 628 0
2.18653 1.07075 4.62537
70 73 55
3 8 2444 0 7 3299 0 11 611 0
1.38131 1.08098 3.99598
111 116 120
2 8 2541 0 7 3701 0
1.94606 0.736436 4.58977
147 155 132
2 8 2591 0 7 2892 0
-6.4018 -7.95236 25.3405
77 77 73
2 8 2608 0 7 3774 0
1.70182 0.338249 6.03216
240 249 254
2 8 2697 0 7 2833 0
-0.585553 0.226737 3.49706
128 115 115
2 8 2743 0 7 4308 0
-0.573838 0.510836 3.49438
95 73 75
2 8 2761 0 7 3422 0
1.07204 -0.986533 5.74965
42 45 63
2 8 2790 0 7 3801 0
-0.281324 0.885226 6.65838
67 63 47
2 8 2800 0 7 3536 0
4.12613 -0.882568 8.97456
105 83 68
2 8 2812 0 7 3620 0
4.12613 -0.882568 8.97456
105 83 68
2 8 2813 0 7 3621 0
1.1847 0.413942 5.47083
215 214 60
2 8 2815 0 7 3981 0
-0.472036 -0.00647743 3.65909
96 86 89
2 8 2867 0 7 4246 0
-0.511906 -0.26492 3.65112
105 106 108
2 8 2937 0 7 4315 0
-0.511906 -0.26492 3.65112
105 106 108
2 8 2938 0 7 4314 0
1.50744 0.839103 4.41065
141 136 111
2 8 2939 0 7 2615 0
-0.0277641 -0.531083 6.12113
254 255 255
2 8 2972 0 7 3875 0
-0.0277641 -0.531083 6.12113
254 255 255
2 8 2973 0 7 3874 0
0.604994 -0.504523 6.18274
83 40 44
2 8 3037 0 7 3946 0
-0.655477 -0.698059 6.98985
103 91 90
2 8 3043 0 7 4112 0
-0.424313 0.212545 3.67791
173 159 154
2 8 3071 0 7 4108 0
0.574367 0.194779 6.18613
99 100 97
4 8 3080 0 7 4189 0 9 3649 0 10 2539 0
0.574457 0.192432 6.19306
103 106 104
3 8 3081 0 7 4190 0 9 3648 0
0.589387 0.882369 3.69752
149 152 129
2 8 3114 0 7 4303 0
-0.592206 -0.430528 3.61319
88 77 78
2 8 3133 0 7 3714 0
-3.33919 -4.66054 16.5047
68 77 60
2 8 3277 0 7 3195 0
0.825201 0.890957 4.16518
91 96 81
2 8 3306 0 7 4034 0
1.69446 0.726756 5.1842
167 169 155
2 8 3326 0 7 2608 0
-3.45045 -4.89281 16.724
62 69 60
2 8 3522 0 7 3883 0
-0.48784 -0.828632 7.02992
55 59 72
2 8 3849 0 7 4130 0
0.556107 -0.654836 6.01434
61 32 37
2 8 3983 0 7 4345 0
1.07228 0.457925 5.71453
103 38 38
3 8 3999 0 7 4331 0 9 3998 0
1.20997 0.340865 5.66468
227 232 233
3 8 4013 0 7 4398 0 9 4063 0
0.532971 0.409447 6.09766
219 227 233
2 8 4014 0 7 4397 0
0.647045 0.224054 6.06136
181 186 189
2 8 4022 0 7 4403 0
0.508916 0.804693 3.98842
208 214 208
2 8 4099 0 7 4550 0
1.34599 0.822752 4.20582
18 21 22
2 8 4102 0 7 4552 0
0.171021 0.739339 3.94108
149 147 121
2 8 4106 0 7 4557 0
1.48548 0.799488 4.38541
163 165 144
2 8 4107 0 7 4558 0
1.37983 0.706744 5.65817
134 55 53
2 8 4117 0 7 4568 0
0.587976 0.734735 6.09634
203 213 217
3 8 4119 0 7 4393 0 9 4053 0
0.991448 -0.131129 5.93881
235 240 244
2 8 4151 0 7 4486 0
0.183007 0.926124 3.43581
212 216 199
2 8 4306 0 7 5118 0
1.64843 1.09281 4.1261
229 232 232
2 8 4319 0 7 5137 0
0.642744 0.792065 3.93674
174 174 155
2 8 4380 0 7 5090 0
0.229772 0.748541 4.46707
79 85 98
2 8 4414 0 7 5236 0
-0.342314 0.561492 3.73493
131 89 86
2 8 4415 0 7 5241 0
1.79429 0.738174 5.35699
158 158 138
2 8 4425 0 7 5247 0
-0.601685 0.389035 3.48439
177 118 109
2 8 4431 0 7 5254 0
0.750381 0.87717 3.69665
197 197 183
2 8 4457 0 7 5159 0
2.56307 0.427574 6.12948
110 111 90
2 8 4464 0 7 5284 0
1.52297 -0.51213 6.08351
157 92 99
2 8 4536 0 7 5381 0
2.88418 -1.94992 8.28583
83 81 83
2 8 4629 0 7 5522 0
-0.375289 0.508132 3.60278
155 107 103
2 8 4904 0 7 6390 0
0.498091 0.673352 6.12881
206 215 223
2 8 4935 0 7 5267 0
0.901391 0.433981 5.52675
213 220 221
2 8 4946 0 7 6479 0
0.959836 0.376611 5.5516
90 90 94
2 8 4956 0 7 6495 0
-0.463528 0.201572 3.6355
158 101 97
2 8 4960 0 7 6496 0
1.28933 -0.281289 5.70683
103 41 46
3 8 5027 0 7 6628 0 9 4508 0
-0.441856 -0.170784 3.75307
169 108 101
2 8 5036 0 7 6623 0
1.37469 -0.431832 5.88417
68 64 71
3 8 5045 0 7 6660 0 9 4527 0
0.878193 -0.478416 6.01694
227 231 235
2 8 5052 0 7 5376 0
-0.436238 -0.528084 6.35951
48 41 39
2 8 5066 0 7 5389 0
-0.479687 -0.305878 3.72681
157 95 91
2 8 5089 0 7 6679 0
-0.178896 -0.625636 6.35358
42 26 35
2 8 5090 0 7 5405 0
-0.48525 -0.68763 6.65864
53 57 67
2 8 5094 0 7 5409 0
0.410855 -1.06967 6.51833
80 83 97
2 8 5142 0 7 5449 0
2.99672 -2.04504 8.17219
208 217 232
2 8 5225 0 7 5547 0
0.23822 0.283501 6.33166
117 109 95
2 8 5258 0 7 6519 0
1.36489 -0.0350411 5.83455
146 67 71
2 8 5320 0 7 8258 0
2.50773 -0.0752701 6.37414
115 113 92
2 8 5322 0 7 6584 0
1.05169 -0.266715 5.72615
206 215 225
2 8 5377 0 7 6624 0
0.160731 -0.371283 6.50182
39 21 22
2 8 5398 0 7 6652 0
-0.479933 -0.207745 3.67818
58 62 70
2 8 5409 0 7 8181 0
-0.489973 -0.233338 3.6761
57 61 70
2 8 5415 0 7 10004 0
-0.468496 -0.261407 3.70789
66 70 76
2 8 5431 0 7 10023 0
-0.458568 -0.288644 3.73949
72 72 78
2 8 5445 0 7 10034 0
-0.521877 -0.281771 3.65281
54 56 62
2 8 5450 0 7 8147 0
-0.176673 -0.596529 6.21606
37 23 28
2 8 5454 0 7 6711 0
-0.274008 -0.642835 6.57479
38 34 44
2 8 5458 0 7 6713 0
2.93088 -1.28211 8.13707
214 228 236
2 8 5601 0 7 6794 0
1.02162 -0.844749 5.49306
26 29 42
2 8 5635 0 7 6797 0
-0.185576 -0.677998 3.87879
181 185 185
2 8 5736 0 7 7886 0
-0.259347 -0.71556 3.9963
182 186 188
2 8 5742 0 7 7861 0
-0.309289 -0.707587 3.88878
180 186 185
2 8 5760 0 7 7851 0
-6.66342 -8.18933 25.7526
255 255 254
2 8 5941 0 7 5933 0
2.50207 0.314958 6.21585
241 251 255
2 8 5988 0 7 6879 0
2.27449 0.263008 6.07275
236 246 252
3 8 5997 0 7 6514 0 9 6082 0
2.52642 0.269015 6.31047
238 248 255
2 8 5999 0 7 6515 0
0.757894 0.979848 3.62005
25 24 21
2 8 6041 0 7 6198 0
0.778226 0.924271 3.59358
225 226 209
2 8 6065 0 7 7208 0
0.396261 0.938624 3.58321
194 204 190
2 8 6069 0 7 8880 0
1.31202 1.0515 4.01176
115 108 94
2 8 6086 0 7 6225 0
1.1694 1.05301 4.01682
141 103 81
2 8 6098 0 7 8891 0
0.485543 0.883367 3.66777
155 161 133
2 8 6129 0 7 8947 0
1.29062 0.835207 4.06651
33 34 37
2 8 6210 0 7 7107 0
1.01415 0.850841 4.19117
107 76 64
2 8 6228 0 7 7097 0
1.22765 0.786199 4.0841
122 70 66
2 8 6233 0 7 7088 0
-0.664044 0.467411 3.39205
85 66 65
2 8 6322 0 7 9222 0
2.45769 0.717427 5.74469
135 137 122
3 8 6349 0 7 6407 0 11 5567 0
1.70054 0.660209 5.31784
161 162 140
2 8 6352 0 7 6410 0
1.01472 0.706127 5.57886
210 214 216
2 8 6359 0 7 6416 0
0.503774 0.797034 6.10376
204 212 222
2 8 6363 0 7 6420 0
-0.533784 0.792649 7.0378
54 20 19
2 8 6402 0 7 6459 0
2.56099 0.511612 6.18947
232 241 244
2 8 6415 0 7 6468 0
2.47374 0.479492 6.08786
113 113 102
2 8 6421 0 7 9360 0
2.31894 0.0932491 6.42164
117 117 95
2 8 6438 0 7 6841 0
1.68746 0.725647 5.24234
223 229 228
2 8 6667 0 7 6997 0
1.46887 -2.52012 8.73018
255 255 255
2 8 7220 0 7 7504 0
0.808133 -2.4715 9.31827
255 255 255
2 8 7306 0 7 7583 0
-3.33161 -4.5304 16.4051
101 106 91
2 8 7327 0 7 7554 0
2.99389 -1.94031 8.05828
204 214 225
2 8 7381 0 7 10853 0
2.82289 -1.85446 8.11957
84 85 90
2 8 7445 0 7 7726 0
-0.456756 -0.579843 3.74086
138 125 105
2 8 7598 0 7 10378 0
-0.225729 -0.61716 6.46097
43 28 33
2 8 8005 0 7 8075 0
-0.514244 -0.503959 5.55596
35 37 38
2 8 8007 0 7 10088 0
-0.507928 -0.532551 5.99555
36 36 38
2 8 8022 0 7 8099 0
-0.0234571 -0.584133 6.34904
55 31 35
2 8 8024 0 7 8084 0
-0.382726 -0.604509 6.70752
154 159 165
2 8 8028 0 7 8094 0
4.09062 -0.829814 8.93036
68 57 52
2 8 8054 0 7 8112 0
-1.29945 -5.69606 18.457
117 121 120
2 8 8406 0 7 8678 0
-3.1797 -4.7555 16.3691
109 117 100
2 8 8508 0 7 11202 0
1.61985 -1.37934 6.06793
157 170 186
2 8 8725 0 7 10778 0
0.0512033 -2.37483 9.89317
253 254 254
2 8 8809 0 7 10851 0
0.134856 0.974567 3.38718
36 32 28
2 8 9058 0 7 7267 0
0.070753 0.947068 3.34527
112 108 87
2 8 9068 0 7 8807 0
0.746711 1.02588 3.64808
109 111 102
2 8 9108 0 7 8824 0
0.25895 0.88924 3.56916
30 29 30
2 8 9291 0 7 8914 0
0.473307 0.951213 4.19872
18 17 19
2 8 9518 0 7 7123 0
0.858613 0.850256 4.1707
131 136 129
2 8 9598 0 7 9087 0
0.512636 0.706099 4.12138
241 243 233
2 8 9708 0 7 9174 0
1.61968 0.787215 5.88692
185 180 161
2 8 9787 0 7 9239 0
0.92577 0.741732 5.59952
207 214 216
2 8 9793 0 7 9241 0
1.70413 0.749759 5.99823
164 172 185
3 8 9814 0 7 9259 0 9 8886 0
-0.52062 0.848 6.4072
124 121 100
2 8 9840 0 7 9272 0
2.69053 0.560803 6.19446
94 45 44
2 8 9900 0 7 9337 0
1.62169 0.463857 6.01788
84 22 24
2 8 9963 0 7 9373 0
1.70243 0.336204 6.02593
241 251 254
2 8 10027 0 7 9423 0
0.984819 0.11117 5.76256
168 168 165
2 8 10137 0 7 9574 0
2.25503 -0.498588 6.86995
226 235 241
6 8 10375 0 7 10015 0 10 9601 0 11 9089 0 12 5950 0 14 8490 0
2.33095 -0.571102 7.06616
110 46 54
2 8 10394 0 7 10033 0
-0.0523891 -0.536995 6.40512
70 70 70
2 8 10423 0 7 10055 0
0.917202 -0.509108 5.88047
223 228 231
2 8 10428 0 7 10058 0
-0.181051 -0.548259 6.19778
247 251 252
2 8 10447 0 7 10073 0
0.943503 -0.543886 5.9009
90 50 53
3 8 10449 0 7 8097 0 9 7556 0
-0.581922 -0.725096 6.8773
138 147 165
2 8 10486 0 7 10121 0
0.114564 -0.700208 6.21734
38 42 58
3 8 10524 0 7 10133 0 9 9692 0
0.399981 -0.736878 6.04131
29 30 38
2 8 10569 0 7 10158 0
3.02025 -1.09201 8.07167
236 247 255
2 8 10595 0 7 10189 0
-0.445117 -0.419328 3.76274
93 85 88
2 8 10644 0 7 10139 0
2.94234 -1.20027 7.94752
242 253 255
2 8 10711 0 7 10275 0
1.34073 -1.07973 5.63097
145 157 174
2 8 11372 0 7 10519 0
1.00893 0.146371 5.77027
235 239 243
3 9 6132 0 5 8172 0 8 5279 0
0.646248 -0.258957 6.16458
60 65 67
4 9 1562 0 6 1071 0 7 1279 0 10 2370 0
2.72768 -0.935571 7.52177
145 92 101
3 9 4133 0 6 5256 0 10 4080 0
2.07158 0.694018 4.65308
229 230 213
3 9 4388 0 6 6282 0 10 4417 0
2.6649 0.73629 5.92781
142 143 126
5 9 105 0 7 207 0 10 126 0 11 106 0 12 193 0
2.35497 0.700585 5.73468
111 113 98
3 9 117 0 7 424 0 10 157 0
0.72339 -0.516887 6.07416
65 29 30
4 9 1268 0 7 3608 0 10 298 0 11 2115 0
0.951663 0.374974 5.63913
192 199 202
4 9 1948 0 7 2928 0 10 856 0 11 1084 0
2.66232 0.763887 5.93467
180 181 163
3 9 3299 0 7 3304 0 10 2614 0
0.358935 0.822925 3.7508
17 19 21
2 7 5075 0 8 4231 0
1.02054 0.277055 5.72593
224 230 235
3 9 6077 0 7 9437 0 8 6500 0
1.76922 0.513146 5.30423
94 57 50
2 7 9320 0 8 9872 0
0.557749 -0.587191 6.34014
79 49 51
3 9 148 0 8 180 0 11 244 0
0.353487 -0.500039 6.378
70 40 43
3 9 221 0 8 226 0 11 443 0
2.31768 -0.0669266 6.82534
124 122 101
4 9 800 0 8 1472 0 10 615 0 12 375 0
-0.85247 0.244242 7.17952
40 52 54
3 9 870 0 8 835 0 11 665 0
2.3161 -0.0114527 6.79517
129 125 106
3 9 955 0 8 2065 0 10 636 0
14.4596 -8.97719 32.075
102 100 103
3 9 1132 0 8 1007 0 10 1172 0
1.57853 -0.435694 6.10644
82 54 60
7 9 1152 0 8 3392 0 10 361 0 12 717 0 16 469 0 17 791 0 18 551 0
2.61077 0.533854 6.00854
70 27 27
3 9 1182 0 8 2002 0 10 1049 0
0.166445 -0.504731 6.26308
11 13 16
3 9 1377 0 8 2145 0 11 1751 0
2.17778 0.823237 4.64706
52 55 38
3 9 1473 0 8 2931 0 10 591 0
2.17778 0.823237 4.64706
52 55 38
3 9 1474 0 8 2930 0 10 592 0
2.59319 0.54236 6.0719
80 34 35
3 9 1567 0 8 1413 0 10 2063 0
2.37289 0.463041 5.88771
90 72 62
4 9 1589 0 8 2126 0 10 1020 0 11 1608 0
2.37289 0.463041 5.88771
90 72 62
4 9 1590 0 8 2127 0 10 1021 0 11 1607 0
2.50378 0.481306 6.13251
94 91 79
5 9 1623 0 8 1587 0 10 1092 0 11 1291 0 12 1403 0
0.96172 0.773055 4.24574
158 171 163
3 9 1628 0 8 3538 0 10 685 0
0.96172 0.773055 4.24574
158 171 163
3 9 1629 0 8 3539 0 10 684 0
3.30053 -0.565477 8.01948
128 70 75
3 9 1642 0 8 2662 0 10 1271 0
1.51688 0.828617 4.41366
111 108 85
3 9 1794 0 8 3747 0 11 857 0
1.72404 0.400331 5.29948
165 167 156
3 9 2022 0 8 2903 0 10 1918 0
-0.359719 0.930953 6.80769
55 54 39
4 9 2098 0 8 2220 0 10 2166 0 12 1706 0
1.51969 0.88867 4.38833
136 130 103
3 9 2120 0 8 3882 0 10 1077 0
2.02186 0.757136 4.58934
148 156 132
3 9 2187 0 8 3437 0 11 842 0
1.59372 0.796993 4.42608
129 134 112
3 9 2279 0 8 3107 0 10 1385 0
0.934318 0.818237 4.23609
152 157 146
3 9 2542 0 8 3924 0 10 612 0
1.50219 0.850953 4.3893
135 129 101
3 9 2620 0 8 3075 0 10 1233 0
2.41225 -0.00902344 6.96302
92 83 63
3 9 2693 0 8 3599 0 10 1910 0
-0.434657 0.82821 6.69628
52 48 33
3 9 2842 0 8 3918 0 10 2310 0
2.29482 -0.14784 6.79813
130 124 106
3 9 2856 0 8 3459 0 10 2670 0
0.641082 -0.282282 6.1619
205 213 217
3 9 3345 0 8 3745 0 10 3197 0
0.960586 0.338727 5.65465
194 202 204
4 9 3464 0 8 3837 0 10 1979 0 11 2517 0
-0.336606 0.833694 6.79111
43 40 25
3 9 3660 0 8 3910 0 10 2349 0
0.901101 0.238724 5.86121
203 213 216
3 9 4001 0 8 3995 0 10 3771 0
1.66436 -0.442599 6.15434
206 216 223
3 9 4017 0 8 4042 0 10 3793 0
0.959369 -0.471124 5.84145
209 218 222
3 9 4245 0 8 4161 0 10 4041 0
1.16295 0.354856 5.64267
219 227 223
4 9 4438 0 8 4469 0 10 4132 0 11 5065 0
2.8475 -1.15277 7.58259
200 213 222
4 9 4579 0 8 5124 0 10 4268 0 11 4460 0
0.611247 0.226651 6.15667
186 197 201
3 9 4858 0 8 4979 0 10 4637 0
4.13472 -0.780691 8.72025
70 54 46
3 9 5212 0 8 10404 0 10 6164 0
0.936883 -0.491136 5.83659
205 213 217
3 9 5222 0 8 5429 0 10 6242 0
2.35508 -0.976045 7.00831
72 33 44
3 9 5417 0 8 5550 0 10 6326 0
2.19717 0.797914 4.65572
154 160 139
3 9 5891 0 8 9701 0 10 5563 0
-0.814698 0.266382 7.17836
113 115 116
3 9 6107 0 8 5280 0 11 5801 0
0.973733 0.360598 5.64698
43 47 53
3 9 6450 0 8 6529 0 10 5836 0
1.19943 0.757713 5.5296
168 181 188
3 9 6572 0 8 6659 0 10 6775 0
3.35223 -1.72421 8.11292
72 48 46
3 9 6935 0 8 7516 0 10 7433 0
1.49585 -0.359088 6.01051
87 27 31
4 9 7629 0 8 8092 0 10 7916 0 11 7155 0
1.10229 -0.248911 5.70338
99 46 48
3 9 7659 0 8 10312 0 10 7954 0
2.37096 0.506268 5.8576
198 206 208
4 9 9001 0 8 9906 0 10 8941 0 11 8560 0
2.582 0.450463 6.07907
209 216 219
3 9 9054 0 8 9953 0 10 8993 0
0.963181 0.409904 5.60543
112 126 122
3 9 9060 0 8 9981 0 10 9021 0
0.956602 0.337491 5.65765
193 203 204
4 9 9116 0 8 10021 0 11 8660 0 10 9074 0
2.96622 -0.463331 7.63418
84 31 36
3 9 9467 0 8 10337 0 10 9501 0
2.9692 -0.504731 7.64127
82 35 40
4 9 9484 0 8 10353 0 10 9526 0 11 9049 0
0.963182 -0.498901 5.77942
202 211 216
4 9 9583 0 8 10433 0 11 9201 0 18 7371 0
-0.646344 -0.711448 7.0128
52 55 61
3 9 9620 0 8 7995 0 10 9874 0
2.94785 -0.963917 7.696
87 39 48
3 9 9754 0 8 10546 0 10 7791 0
2.33656 -1.08809 6.96873
133 144 156
4 9 10073 0 8 10809 0 10 10135 0 11 9529 0
2.35497 0.700585 5.73468
111 113 98
3 10 156 0 7 423 0 9 118 0
2.8082 -0.962222 7.58533
138 90 100
3 10 608 0 7 4133 0 9 604 0
2.93923 -1.00447 7.90655
140 91 100
2 7 4131 0 8 1213 0
2.90951 -0.939267 7.69413
143 93 103
3 10 676 0 7 3806 0 9 816 0
17.6381 -8.23517 34.233
82 82 80
3 10 923 0 7 601 0 11 580 0
16.1787 -11.3205 34.4082
109 105 95
3 10 982 0 7 804 0 11 404 0
18.6955 -8.95208 36.2003
252 254 255
3 10 1193 0 7 784 0 11 1020 0
17.257 -11.5197 34.1087
100 107 97
3 10 1348 0 7 2269 0 11 1327 0
15.1922 -12.1092 34.219
255 255 255
3 10 1404 0 7 407 0 11 704 0
16.9472 -11.1245 34.4565
107 111 104
3 10 1499 0 7 1480 0 11 1688 0
14.5612 -10.0869 32.9163
252 253 254
4 10 2220 0 7 3113 0 8 1525 0 11 795 0
17.3052 -11.0648 33.5497
249 249 252
3 10 2856 0 7 2527 0 11 1581 0
2.89808 -1.05326 7.70073
223 234 245
3 10 4259 0 7 5421 0 9 4569 0
15.2889 -11.826 34.4361
174 173 173
3 10 4915 0 7 5668 0 11 4873 0
17.9295 -11.4931 34.5047
94 95 94
3 10 10981 0 7 8559 0 11 7800 0
2.55573 0.450663 6.107
86 38 38
3 10 202 0 8 182 0 9 155 0
2.55573 0.450663 6.107
86 38 38
3 10 203 0 8 183 0 9 154 0
2.89637 -0.867559 7.61914
143 92 101
3 10 403 0 8 1670 0 9 820 0
3.50264 -0.727332 8.2987
129 73 81
3 10 919 0 8 2365 0 9 1181 0
2.164 0.787959 4.63666
138 140 115
3 10 1395 0 8 2708 0 11 1506 0
0.946592 -0.17725 2.92971
142 145 147
2 8 524 0 7 2651 0
2.8384 -0.978125 7.56104
45 23 32
4 10 1427 0 8 2864 0 9 1497 0 11 1190 0
2.53884 -0.0431804 6.80412
82 24 24
3 10 1881 0 8 2459 0 9 2359 0
2.8457 -1.14646 7.59952
197 210 219
3 10 1941 0 8 2672 0 9 1792 0
2.10745 0.775191 4.62342
149 160 138
3 10 1975 0 8 3864 0 11 2916 0
1.85413 0.0565229 6.47877
122 135 130
3 10 3001 0 8 1326 0 11 2577 0
4.16066 -0.909185 8.86756
71 54 46
3 10 3040 0 8 3003 0 9 1915 0
1.5662 -0.346991 6.08048
108 48 53
4 10 4205 0 8 5394 0 9 4917 0 11 4412 0
14.6673 -10.121 32.652
210 211 214
3 10 5347 0 8 5918 0 11 5233 0
2.89607 -0.988195 7.60795
224 237 245
4 10 6279 0 8 10562 0 9 7427 0 11 6167 0
2.14323 -0.392952 6.76542
201 209 213
4 10 7955 0 8 8105 0 11 7173 0 12 4765 0
1.28578 0.777649 5.6277
213 224 226
3 10 8754 0 8 9777 0 11 8395 0
2.56965 0.0316087 6.67493
86 76 61
3 10 712 0 9 785 0 11 414 0
2.56965 0.0316087 6.67493
86 76 61
3 10 713 0 9 784 0 11 415 0
2.50377 0.480955 6.13282
89 86 74
4 10 1093 0 9 1624 0 11 1290 0 12 1402 0
2.31081 -0.12092 6.84079
120 114 95
4 10 1154 0 9 1225 0 11 819 0 12 1024 0
2.33518 -0.154507 6.88346
58 49 31
4 10 1544 0 9 1946 0 11 830 0 12 473 0
2.27117 1.08774 4.69622
124 129 132
3 10 1677 0 9 2116 0 11 3619 0
2.60012 0.781158 5.12224
152 152 127
3 10 1855 0 9 3677 0 11 1721 0
2.60012 0.781158 5.12224
151 150 123
3 10 1856 0 9 3678 0 11 1720 0
1.5527 -0.452809 6.07685
229 233 232
7 10 1862 0 9 2571 0 11 1511 0 12 1237 0 16 2239 0 17 2052 0 18 1929 0
2.05023 1.08095 4.92891
16 25 29
3 10 1983 0 9 3298 0 11 1909 0
1.68155 0.393424 5.32948
207 209 208
3 10 2044 0 9 3624 0 11 1996 0
2.10924 0.738601 4.61834
93 92 67
3 10 2302 0 9 3353 0 11 2321 0
1.50973 -0.380061 6.01579
206 211 211
3 10 2329 0 9 3772 0 11 1590 0
1.6933 0.407397 5.33518
80 29 28
3 10 2388 0 9 2503 0 11 1593 0
1.93336 0.761461 4.55699
136 145 120
3 10 2569 0 9 3740 0 11 2795 0
2.57055 -0.148521 6.51317
80 28 26
3 10 3035 0 9 3967 0 11 3409 0
1.73552 0.693255 4.39369
111 108 85
3 10 3835 0 9 4157 0 11 6350 0
2.33715 -0.337906 6.84228
113 48 53
3 10 3892 0 9 4080 0 11 4061 0
1.30819 -0.408441 5.72877
81 35 36
3 10 3900 0 9 4243 0 11 4071 0
2.95908 -0.572931 7.77078
123 61 66
3 10 4024 0 9 4237 0 12 3697 0
2.03622 -0.475366 6.73827
222 232 240
3 10 4027 0 9 4239 0 11 4239 0
0.330859 -0.433325 6.32097
9 12 12
3 10 4038 0 9 4236 0 11 4281 0
0.55135 -0.451292 6.25453
179 188 191
3 10 4229 0 9 4921 0 11 4425 0
2.66452 0.735853 5.92505
131 132 114
3 10 4559 0 9 4792 0 11 5006 0
2.43336 0.131595 6.26418
229 237 243
3 10 4642 0 9 4867 0 11 5111 0
2.81894 -1.09538 7.59778
227 238 245
3 10 4796 0 9 5007 0 11 4743 0
2.28185 0.715775 4.76129
98 96 72
3 10 5609 0 9 6578 0 11 5524 0
2.87685 -1.11077 7.63522
219 231 242
3 10 6317 0 9 5431 0 11 6205 0
2.28651 -0.195536 6.84858
92 30 35
3 10 6386 0 9 6239 0 11 5948 0
1.57642 -0.431661 6.09668
58 33 39
3 10 7889 0 9 9511 0 11 7124 0
1.66717 -0.427661 6.19543
141 142 135
4 10 7898 0 9 7619 0 11 7136 0 12 5538 0
2.8466 1.11967 5.38743
50 52 41
3 10 8637 0 9 8731 0 11 8201 0
2.37166 0.464895 5.89876
85 64 55
3 10 8969 0 9 9031 0 11 8583 0
2.51238 0.483976 6.15813
82 80 67
3 10 8973 0 9 9038 0 11 8589 0
1.72435 0.402435 5.32368
157 158 146
3 10 8977 0 9 9032 0 11 8597 0
1.59032 -0.507421 6.09037
219 228 235
3 10 9740 0 9 9557 0 11 9167 0
2.84979 -1.10789 7.66287
195 206 214
4 10 9942 0 9 9900 0 11 9377 0 12 6147 0
17.2632 -10.4025 34.376
113 114 115
3 11 2318 0 7 2456 0 10 3456 0
17.4848 -11.2119 33.9264
248 249 252
3 11 7808 0 7 8570 0 10 10958 0
1.52907 0.887022 4.43125
80 75 54
4 11 1226 0 9 3119 0 10 1659 0 12 1475 0
1.88153 1.04128 4.80564
56 60 59
3 11 2026 0 9 2298 0 10 1779 0
-0.256371 0.932418 6.94333
43 17 10
3 11 2209 0 9 2516 0 10 1902 0
1.45865 0.751787 4.41116
131 137 112
3 11 2213 0 9 3574 0 10 2368 0
1.64848 1.03178 4.77938
34 42 46
3 11 2629 0 9 3761 0 10 2320 0
-0.376003 0.858408 6.84055
67 68 51
3 11 3063 0 9 3704 0 10 2012 0
1.89206 0.777209 4.49135
171 178 158
4 9 4356 0 5 6316 0 4 6110 0 8 4854 0
1.90679 0.796852 4.53933
145 158 137
3 9 4707 0 10 4500 0 8 6265 0
2.42661 -0.284043 6.9947
125 56 61
3 11 108 0 8 429 0 10 198 0
2.61356 0.42976 6.10257
200 207 209
3 11 119 0 10 85 0 12 314 0
3.35098 0.862534 5.96347
47 44 28
4 11 503 0 10 399 0 12 1177 0 13 1803 0
3.1634 0.74711 5.75682
79 74 51
3 11 620 0 10 1226 0 12 403 0
3.51974 0.914395 5.39004
149 30 35
3 11 1097 0 10 465 0 12 934 0
2.46395 0.737506 4.96155
134 134 106
4 11 2101 0 10 3114 0 12 1954 0 13 1610 0
0.942864 0.399731 5.63599
33 38 38
3 11 2258 0 10 1421 0 12 1709 0
2.89024 -0.946127 7.68341
128 77 84
3 11 2292 0 10 3468 0 12 1206 0
2.42346 0.746674 4.91737
113 103 75
3 11 2484 0 10 2626 0 12 2228 0
2.17522 -0.459791 6.83205
221 230 239
3 11 3996 0 10 3795 0 12 3119 0
1.29368 -0.289849 5.77457
97 45 48
3 11 4230 0 10 4021 0 12 3266 0
2.31555 -0.136573 6.84369
102 96 78
3 11 4390 0 10 4169 0 12 3426 0
1.52541 -0.428622 6.04781
156 161 161
3 11 4424 0 10 4222 0 12 3457 0
1.9856 0.115864 6.67352
23 26 25
3 11 7349 0 10 6512 0 12 5780 0
1.51243 -0.418126 6.02983
199 207 203
3 11 9107 0 10 9651 0 12 5973 0
3.146 0.756942 5.7234
144 139 109
3 12 2765 0 11 3562 0 13 3041 0
2.43416 0.75983 4.92901
154 155 122
3 12 2831 0 11 2731 0 13 2089 0
